+------------------+---------+
| ability          | dmg     |
+------------------+---------+
| total            | 1142018 |
+------------------+---------+
| hisetsu 1        | 33802   |
+------------------+---------+
| kazahana 3       | 5428    |
+------------------+---------+
| kazahana 4       | 8288    |
+------------------+---------+
| kazahana 5       | 11097   |
+------------------+---------+
| shimotsuki 3     | 293836  |
+------------------+---------+
| lingering_snow 1 | 204800  |
+------------------+---------+
| frostburn 0      | 218196  |
+------------------+---------+
| shimotsuki 3     | 293836  |
+------------------+---------+
| shatter 0        | 72732   |
+------------------+---------+