+-------------------------------------+-----------------------------------+--------------------------------------+--------------------------------------+
| agent                               | wengine                           | discs                                | total                                |
+-------------------------------------+-----------------------------------+--------------------------------------+--------------------------------------+
| +-------------+-----------+-------+ | +-----------+-----------+-------+ | +--------------+-----------+-------+ | +--------------+-----------+-------+ |
| | stat_type   | tag       | value | | | stat_type | tag       | value | | | stat_type    | tag       | value | | | stat_type    | tag       | value | |
| +-------------+-----------+-------+ | +-----------+-----------+-------+ | +--------------+-----------+-------+ | +--------------+-----------+-------+ |
| | def_base    | universal | 606   | | | crit_dmg  | universal | 0.5   | | | def_flat     | universal | 184   | | | hp_base      | universal | 7673  | |
| +-------------+-----------+-------+ | +-----------+-----------+-------+ | +--------------+-----------+-------+ | +--------------+-----------+-------+ |
| | hp_base     | universal | 7673  | | | atk_base  | universal | 743   | | | hp_flat      | universal | 2648  | | | def_base     | universal | 606   | |
| +-------------+-----------+-------+ | +-----------+-----------+-------+ | +--------------+-----------+-------+ | +--------------+-----------+-------+ |
| | crit_dmg    | universal | 0.5   | | | crit_rate | universal | 0.24  | | | hp_ratio     | universal | 0.18  | | | atk_base     | universal | 1623  | |
| +-------------+-----------+-------+ | +-----------+-----------+-------+ | +--------------+-----------+-------+ | +--------------+-----------+-------+ |
| | atk_base    | universal | 880   | | | ice_ratio | universal | 0.4   | | | crit_dmg     | universal | 1.008 | | | crit_dmg     | universal | 2.008 | |
| +-------------+-----------+-------+ | +-----------+-----------+-------+ | +--------------+-----------+-------+ | +--------------+-----------+-------+ |
| | crit_rate   | universal | 0.05  | |                                   | | crit_rate    | universal | 0.36  | | | crit_rate    | universal | 0.65  | |
| +-------------+-----------+-------+ |                                   | +--------------+-----------+-------+ | +--------------+-----------+-------+ |
| | impact_base | universal | 86    | |                                   | | atk_ratio    | universal | 0.72  | | | impact_base  | universal | 86    | |
| +-------------+-----------+-------+ |                                   | +--------------+-----------+-------+ | +--------------+-----------+-------+ |
| | am_base     | universal | 116   | |                                   | | atk_flat     | universal | 373   | | | am_base      | universal | 116   | |
| +-------------+-----------+-------+ |                                   | +--------------+-----------+-------+ | +--------------+-----------+-------+ |
| | ap          | universal | 328   | |                                   | | ap           | universal | 63    | | | ap           | universal | 391   | |
| +-------------+-----------+-------+ |                                   | +--------------+-----------+-------+ | +--------------+-----------+-------+ |
| | ice_ratio   | universal | 0.3   | |                                   | | def_pen_flat | universal | 18    | | | ice_ratio    | universal | 0.7   | |
| +-------------+-----------+-------+ |                                   | +--------------+-----------+-------+ | +--------------+-----------+-------+ |
|                                     |                                   |                                      | | def_flat     | universal | 184   | |
|                                     |                                   |                                      | +--------------+-----------+-------+ |
|                                     |                                   |                                      | | hp_flat      | universal | 2648  | |
|                                     |                                   |                                      | +--------------+-----------+-------+ |
|                                     |                                   |                                      | | hp_ratio     | universal | 0.18  | |
|                                     |                                   |                                      | +--------------+-----------+-------+ |
|                                     |                                   |                                      | | atk_ratio    | universal | 0.72  | |
|                                     |                                   |                                      | +--------------+-----------+-------+ |
|                                     |                                   |                                      | | atk_flat     | universal | 373   | |
|                                     |                                   |                                      | +--------------+-----------+-------+ |
|                                     |                                   |                                      | | def_pen_flat | universal | 18    | |
|                                     |                                   |                                      | +--------------+-----------+-------+ |
+-------------------------------------+-----------------------------------+--------------------------------------+--------------------------------------+